n: and(1,1)
n: and(1,1)
a: 1
1
n: and(1,0)
n: and(1,0)
a: 0
0
n: and(0,1)
n: and(0,1)
a: 0
0
n: and(0,0)
n: and(0,0)
a: 0
0
a: not(0)
n: 1
1
a: not(0)
n: 1
1
a: not(0)
n: 1
1
a: not(1)
n: 0
0
a: and(or(0,0),not(0))
n: and(or(0,0),1)
o: and(0,1)
a: 0
0
a: and(or(0,0),not(0))
n: and(or(0,0),1)
o: and(0,1)
a: 0
0
a: and(or(0,1),not(0))
n: and(or(0,1),1)
o: and(1,1)
a: 1
1
a: and(or(0,1),not(1))
n: and(or(0,1),0)
o: and(1,0)
a: 0
0
a: and(or(1,0),not(0))
n: and(or(1,0),1)
o: and(1,1)
a: 1
1
a: and(or(1,0),not(0))
n: and(or(1,0),1)
o: and(1,1)
a: 1
1
a: and(or(1,1),not(0))
n: and(or(1,1),1)
o: and(1,1)
a: 1
1
a: and(or(1,1),not(1))
n: and(or(1,1),0)
o: and(1,0)
a: 0
0
o: and(0,0)
a: 0
0
o: and(0,1)
a: 0
0
o: and(0,1)
a: 0
0
o: and(0,1)
a: 0
0
o: and(1,0)
a: 0
0
o: and(1,1)
a: 1
1
o: and(1,1)
a: 1
1
o: and(1,1)
a: 1
1
a: or(0,0)
a: or(0,0)
o: 0
0
a: or(0,0)
a: or(0,0)
o: 0
0
a: or(0,0)
a: or(0,0)
o: 0
0
a: or(0,0)
a: or(0,0)
o: 0
0
a: or(0,0)
a: or(0,0)
o: 0
0
a: or(0,1)
a: or(0,1)
o: 1
1
a: or(1,0)
a: or(1,0)
o: 1
1
a: or(1,1)
a: or(1,1)
o: 1
1
a: or(0,0)
a: or(0,0)
o: 0
0
a: or(0,0)
a: or(0,0)
o: 0
0
a: or(0,0)
a: or(0,0)
o: 0
0
a: or(0,0)
a: or(0,0)
o: 0
0
a: or(0,0)
a: or(0,0)
o: 0
0
a: or(0,1)
a: or(0,1)
o: 1
1
a: or(1,0)
a: or(1,0)
o: 1
1
a: or(1,1)
a: or(1,1)
o: 1
1
a: or(0,0)
o: 0
0
a: or(0,0)
o: 0
0
a: or(0,0)
o: 0
0
a: or(0,1)
o: 1
1
a: or(1,0)
o: 1
1
a: or(1,0)
o: 1
1
a: or(1,0)
o: 1
1
a: or(1,1)
o: 1
1
o: or(0,0)
o: 0
0
o: or(0,1)
o: 1
1
o: or(1,0)
o: 1
1
o: or(1,1)
o: 1
1
o: or(1,0)
o: 1
1
o: or(1,1)
o: 1
1
o: or(1,0)
o: 1
1
o: or(1,1)
o: 1
1
o: or(and(0,0,0),and(0,0))
a: or(0,0)
a: or(0,0)
o: 0
0
o: or(and(0,0,1),and(0,1))
a: or(0,0)
a: or(0,0)
o: 0
0
o: or(and(0,1,0),and(1,0))
a: or(0,0)
a: or(0,0)
o: 0
0
o: or(and(0,1,1),and(1,1))
a: or(0,1)
a: or(0,1)
o: 1
1
o: or(and(1,0,0),and(1,0))
a: or(0,0)
a: or(0,0)
o: 0
0
o: or(and(1,0,1),and(1,1))
a: or(0,1)
a: or(0,1)
o: 1
1
o: or(and(1,1,0),and(1,0))
a: or(0,0)
a: or(0,0)
o: 0
0
o: or(and(1,1,1),and(1,1))
a: or(1,1)
a: or(1,1)
o: 1
1
n: or(and(0,0,0),and(0,1,0),and(1,1,0),and(1,1,1))
n: or(and(0,0,0),and(0,1,0),and(1,1,0),and(1,1,1))
n: or(and(0,0,0),and(0,1,0),and(1,1,0),and(1,1,1))
a: or(0,0,0,1)
n: or(0,0,0,1)
n: or(0,0,0,1)
a: or(0,0,0,1)
n: or(0,0,0,1)
a: or(0,0,0,1)
a: or(0,0,0,1)
o: 1
1
n: or(and(0,0,1),and(0,1,1),and(1,1,1),and(1,1,0))
n: or(and(0,0,1),and(0,1,1),and(1,1,1),and(1,1,0))
n: or(and(0,0,1),and(0,1,1),and(1,1,1),and(1,1,0))
a: or(0,0,1,0)
n: or(0,0,1,0)
n: or(0,0,1,0)
a: or(0,0,1,0)
n: or(0,0,1,0)
a: or(0,0,1,0)
a: or(0,0,1,0)
o: 1
1
n: or(and(0,1,0),and(0,0,0),and(1,0,0),and(1,0,1))
n: or(and(0,1,0),and(0,0,0),and(1,0,0),and(1,0,1))
n: or(and(0,1,0),and(0,0,0),and(1,0,0),and(1,0,1))
a: or(0,0,0,0)
n: or(0,0,0,0)
n: or(0,0,0,0)
a: or(0,0,0,0)
n: or(0,0,0,0)
a: or(0,0,0,0)
a: or(0,0,0,0)
o: 0
0
n: or(and(0,1,1),and(0,0,1),and(1,0,1),and(1,0,0))
n: or(and(0,1,1),and(0,0,1),and(1,0,1),and(1,0,0))
n: or(and(0,1,1),and(0,0,1),and(1,0,1),and(1,0,0))
a: or(0,0,0,0)
n: or(0,0,0,0)
n: or(0,0,0,0)
a: or(0,0,0,0)
n: or(0,0,0,0)
a: or(0,0,0,0)
a: or(0,0,0,0)
o: 0
0
n: or(and(1,0,0),and(1,1,0),and(0,1,0),and(0,1,1))
n: or(and(1,0,0),and(1,1,0),and(0,1,0),and(0,1,1))
n: or(and(1,0,0),and(1,1,0),and(0,1,0),and(0,1,1))
a: or(0,0,0,0)
n: or(0,0,0,0)
n: or(0,0,0,0)
a: or(0,0,0,0)
n: or(0,0,0,0)
a: or(0,0,0,0)
a: or(0,0,0,0)
o: 0
0
n: or(and(1,0,1),and(1,1,1),and(0,1,1),and(0,1,0))
n: or(and(1,0,1),and(1,1,1),and(0,1,1),and(0,1,0))
n: or(and(1,0,1),and(1,1,1),and(0,1,1),and(0,1,0))
a: or(0,1,0,0)
n: or(0,1,0,0)
n: or(0,1,0,0)
a: or(0,1,0,0)
n: or(0,1,0,0)
a: or(0,1,0,0)
a: or(0,1,0,0)
o: 1
1
n: or(and(1,1,0),and(1,0,0),and(0,0,0),and(0,0,1))
n: or(and(1,1,0),and(1,0,0),and(0,0,0),and(0,0,1))
n: or(and(1,1,0),and(1,0,0),and(0,0,0),and(0,0,1))
a: or(0,0,0,0)
n: or(0,0,0,0)
n: or(0,0,0,0)
a: or(0,0,0,0)
n: or(0,0,0,0)
a: or(0,0,0,0)
a: or(0,0,0,0)
o: 0
0
n: or(and(1,1,1),and(1,0,1),and(0,0,1),and(0,0,0))
n: or(and(1,1,1),and(1,0,1),and(0,0,1),and(0,0,0))
n: or(and(1,1,1),and(1,0,1),and(0,0,1),and(0,0,0))
a: or(1,0,0,0)
n: or(1,0,0,0)
n: or(1,0,0,0)
a: or(1,0,0,0)
n: or(1,0,0,0)
a: or(1,0,0,0)
a: or(1,0,0,0)
o: 1
1
n: or(1,0,and(0,0,1))
a: or(1,0,0)
n: or(1,0,0)
o: 1
1
n: or(1,0,and(0,0,0))
a: or(1,0,0)
n: or(1,0,0)
o: 1
1
n: or(1,1,and(0,1,1))
a: or(1,1,0)
n: or(1,1,0)
o: 1
1
n: or(1,1,and(0,1,0))
a: or(1,1,0)
n: or(1,1,0)
o: 1
1
n: or(0,0,and(1,0,1))
a: or(0,0,0)
n: or(0,0,0)
o: 0
0
n: or(0,0,and(1,0,0))
a: or(0,0,0)
n: or(0,0,0)
o: 0
0
n: or(0,1,and(1,1,1))
a: or(0,1,1)
n: or(0,1,1)
o: 1
1
n: or(0,1,and(1,1,0))
a: or(0,1,0)
n: or(0,1,0)
o: 1
1
n: and(or(0,0,1),or(0,0),or(1,0))
o: and(1,0,1)
o: and(1,0,1)
n: and(1,0,1)
o: and(1,0,1)
a: 0
0
n: and(or(0,0,0),or(0,1),or(1,1))
o: and(0,1,1)
o: and(0,1,1)
n: and(0,1,1)
o: and(0,1,1)
a: 0
0
n: and(or(0,1,1),or(1,0),or(1,0))
o: and(1,1,1)
o: and(1,1,1)
n: and(1,1,1)
o: and(1,1,1)
a: 1
1
n: and(or(0,1,0),or(1,1),or(1,1))
o: and(1,1,1)
o: and(1,1,1)
n: and(1,1,1)
o: and(1,1,1)
a: 1
1
n: and(or(1,0,1),or(0,0),or(0,0))
o: and(1,0,0)
o: and(1,0,0)
n: and(1,0,0)
o: and(1,0,0)
a: 0
0
n: and(or(1,0,0),or(0,1),or(0,1))
o: and(1,1,1)
o: and(1,1,1)
n: and(1,1,1)
o: and(1,1,1)
a: 1
1
n: and(or(1,1,1),or(1,0),or(0,0))
o: and(1,1,0)
o: and(1,1,0)
n: and(1,1,0)
o: and(1,1,0)
a: 0
0
n: and(or(1,1,0),or(1,1),or(0,1))
o: and(1,1,1)
o: and(1,1,1)
n: and(1,1,1)
o: and(1,1,1)
a: 1
1
n: or(or(and(not(and(0,0)),1),and(1,0,0),and(0,0,0),and(0,1,1)),and(0,1,0))
a: or(or(and(not(0),1),0,0,0),0)
n: or(or(and(1,1),0,0,0),0)
n: or(or(and(1,1),0,0,0),0)
a: or(or(1,0,0,0),0)
a: or(or(1,0,0,0),0)
n: or(or(1,0,0,0),0)
a: or(or(1,0,0,0),0)
n: or(or(1,0,0,0),0)
a: or(or(1,0,0,0),0)
n: or(or(1,0,0,0),0)
a: or(or(1,0,0,0),0)
o: or(1,0)
o: 1
1
n: or(or(and(not(and(0,0)),0),and(1,0,1),and(0,0,1),and(0,1,0)),and(0,1,1))
a: or(or(and(not(0),0),0,0,0),0)
n: or(or(and(1,0),0,0,0),0)
n: or(or(and(1,0),0,0,0),0)
a: or(or(0,0,0,0),0)
a: or(or(0,0,0,0),0)
n: or(or(0,0,0,0),0)
a: or(or(0,0,0,0),0)
n: or(or(0,0,0,0),0)
a: or(or(0,0,0,0),0)
n: or(or(0,0,0,0),0)
a: or(or(0,0,0,0),0)
o: or(0,0)
o: 0
0
n: or(or(and(not(and(0,1)),1),and(1,1,0),and(0,1,0),and(0,0,1)),and(0,0,0))
a: or(or(and(not(0),1),0,0,0),0)
n: or(or(and(1,1),0,0,0),0)
n: or(or(and(1,1),0,0,0),0)
a: or(or(1,0,0,0),0)
a: or(or(1,0,0,0),0)
n: or(or(1,0,0,0),0)
a: or(or(1,0,0,0),0)
n: or(or(1,0,0,0),0)
a: or(or(1,0,0,0),0)
n: or(or(1,0,0,0),0)
a: or(or(1,0,0,0),0)
o: or(1,0)
o: 1
1
n: or(or(and(not(and(0,1)),0),and(1,1,1),and(0,1,1),and(0,0,0)),and(0,0,1))
a: or(or(and(not(0),0),1,0,0),0)
n: or(or(and(1,0),1,0,0),0)
n: or(or(and(1,0),1,0,0),0)
a: or(or(0,1,0,0),0)
a: or(or(0,1,0,0),0)
n: or(or(0,1,0,0),0)
a: or(or(0,1,0,0),0)
n: or(or(0,1,0,0),0)
a: or(or(0,1,0,0),0)
n: or(or(0,1,0,0),0)
a: or(or(0,1,0,0),0)
o: or(1,0)
o: 1
1
n: or(or(and(not(and(1,0)),1),and(0,0,0),and(1,0,0),and(1,1,1)),and(1,1,0))
a: or(or(and(not(0),1),0,0,1),0)
n: or(or(and(1,1),0,0,1),0)
n: or(or(and(1,1),0,0,1),0)
a: or(or(1,0,0,1),0)
a: or(or(1,0,0,1),0)
n: or(or(1,0,0,1),0)
a: or(or(1,0,0,1),0)
n: or(or(1,0,0,1),0)
a: or(or(1,0,0,1),0)
n: or(or(1,0,0,1),0)
a: or(or(1,0,0,1),0)
o: or(1,0)
o: 1
1
n: or(or(and(not(and(1,0)),0),and(0,0,1),and(1,0,1),and(1,1,0)),and(1,1,1))
a: or(or(and(not(0),0),0,0,0),1)
n: or(or(and(1,0),0,0,0),1)
n: or(or(and(1,0),0,0,0),1)
a: or(or(0,0,0,0),1)
a: or(or(0,0,0,0),1)
n: or(or(0,0,0,0),1)
a: or(or(0,0,0,0),1)
n: or(or(0,0,0,0),1)
a: or(or(0,0,0,0),1)
n: or(or(0,0,0,0),1)
a: or(or(0,0,0,0),1)
o: or(0,1)
o: 1
1
n: or(or(and(not(and(1,1)),1),and(0,1,0),and(1,1,0),and(1,0,1)),and(1,0,0))
a: or(or(and(not(1),1),0,0,0),0)
n: or(or(and(0,1),0,0,0),0)
n: or(or(and(0,1),0,0,0),0)
a: or(or(0,0,0,0),0)
a: or(or(0,0,0,0),0)
n: or(or(0,0,0,0),0)
a: or(or(0,0,0,0),0)
n: or(or(0,0,0,0),0)
a: or(or(0,0,0,0),0)
n: or(or(0,0,0,0),0)
a: or(or(0,0,0,0),0)
o: or(0,0)
o: 0
0
n: or(or(and(not(and(1,1)),0),and(0,1,1),and(1,1,1),and(1,0,0)),and(1,0,1))
a: or(or(and(not(1),0),0,1,0),0)
n: or(or(and(0,0),0,1,0),0)
n: or(or(and(0,0),0,1,0),0)
a: or(or(0,0,1,0),0)
a: or(or(0,0,1,0),0)
n: or(or(0,0,1,0),0)
a: or(or(0,0,1,0),0)
n: or(or(0,0,1,0),0)
a: or(or(0,0,1,0),0)
n: or(or(0,0,1,0),0)
a: or(or(0,0,1,0),0)
o: or(1,0)
o: 1
1
n: or(and(0,0,0),and(0,1,not(and(1,1))))
n: or(and(0,0,0),and(0,1,not(and(1,1))))
a: or(0,and(0,1,not(1)))
n: or(0,and(0,1,0))
n: or(0,and(0,1,0))
a: or(0,0)
a: or(0,0)
o: 0
0
n: or(and(0,0,1),and(0,1,not(and(1,0))))
n: or(and(0,0,1),and(0,1,not(and(1,0))))
a: or(0,and(0,1,not(0)))
n: or(0,and(0,1,1))
n: or(0,and(0,1,1))
a: or(0,0)
a: or(0,0)
o: 0
0
n: or(and(0,1,0),and(0,0,not(and(1,1))))
n: or(and(0,1,0),and(0,0,not(and(1,1))))
a: or(0,and(0,0,not(1)))
n: or(0,and(0,0,0))
n: or(0,and(0,0,0))
a: or(0,0)
a: or(0,0)
o: 0
0
n: or(and(0,1,1),and(0,0,not(and(1,0))))
n: or(and(0,1,1),and(0,0,not(and(1,0))))
a: or(0,and(0,0,not(0)))
n: or(0,and(0,0,1))
n: or(0,and(0,0,1))
a: or(0,0)
a: or(0,0)
o: 0
0
n: or(and(1,0,0),and(1,1,not(and(0,1))))
n: or(and(1,0,0),and(1,1,not(and(0,1))))
a: or(0,and(1,1,not(0)))
n: or(0,and(1,1,1))
n: or(0,and(1,1,1))
a: or(0,1)
a: or(0,1)
o: 1
1
n: or(and(1,0,1),and(1,1,not(and(0,0))))
n: or(and(1,0,1),and(1,1,not(and(0,0))))
a: or(0,and(1,1,not(0)))
n: or(0,and(1,1,1))
n: or(0,and(1,1,1))
a: or(0,1)
a: or(0,1)
o: 1
1
n: or(and(1,1,0),and(1,0,not(and(0,1))))
n: or(and(1,1,0),and(1,0,not(and(0,1))))
a: or(0,and(1,0,not(0)))
n: or(0,and(1,0,1))
n: or(0,and(1,0,1))
a: or(0,0)
a: or(0,0)
o: 0
0
n: or(and(1,1,1),and(1,0,not(and(0,0))))
n: or(and(1,1,1),and(1,0,not(and(0,0))))
a: or(1,and(1,0,not(0)))
n: or(1,and(1,0,1))
n: or(1,and(1,0,1))
a: or(1,0)
a: or(1,0)
o: 1
1
