0.20
0.94
0.81
0.69
0.27
0.62
0.12
0.26
0.49
0.31
0.47
0.38
0.77
0.67
0.25
0.51
0.22
0.53
0.57
0.02
841.00
89.00
820.00
122.00
744.00
797.00
361.00
259.00
19.00
435.00
692.05
384.71
988.39
221.52
712.37
355.14
474.43
918.09
835.45
323.72
353.31
960.80
782.18
238.72
504.08
517.14
836.81
150.45
324.07
349.01
351.38
17.45
897.64
48.42
711.75
416.33
946.35
402.77
574.83
317.12
694.18
114.25
431.68
101.89
506.85
24.24
863.34
264.42
246.31
545.98
8.91
858.55
962.09
588.03
608.05
177.64
8.50
460.31
389.31
321.17
